This is pdfTeXk, Version 3.141592-1.40.3 (Web2C 7.5.6) (format=pdflatex 2011.10.18)  12 SEP 2012 16:29
entering extended mode
 %&-line parsing enabled.
**mn2esample.tex
(./mn2esample.tex
LaTeX2e <2005/12/01>
Babel <v3.8h> and hyphenation patterns for english, usenglishmax, dumylang, noh
yphenation, arabic, basque, bulgarian, coptic, welsh, czech, slovak, german, ng
erman, danish, esperanto, spanish, catalan, galician, estonian, farsi, finnish,
 french, greek, monogreek, ancientgreek, croatian, hungarian, interlingua, ibyc
us, indonesian, icelandic, italian, latin, mongolian, dutch, norsk, polish, por
tuguese, pinyin, romanian, russian, slovenian, uppersorbian, serbian, swedish, 
turkish, ukenglish, ukrainian, loaded.
(./mn2e.cls
Document Class: mn2e 2001/02/06 v2.2 LaTeX2e MN document class
Document Style `MN' v2.2, released 2001 February 20
\math@groups=\toks14
LaTeX Font Info:    Overwriting symbol font `symbols' in version `bold'
(Font)                  OMS/cmsy/b/n --> OMS/cmsy/b/n on input line 223.
\symbmisymbols=\mathgroup4
\symUPM=\mathgroup5
LaTeX Font Info:    Overwriting symbol font `UPM' in version `bold'
(Font)                  U/eur/m/n --> U/eur/b/n on input line 260.
\symAMSa=\mathgroup6
\SFB@measure=\dimen102
\realparindent=\skip41
\c@part=\count79
\c@section=\count80
\c@subsection=\count81
\c@subsubsection=\count82
\c@paragraph=\count83
\c@subparagraph=\count84
\@indentskip=\skip42
\smallindent=\skip43
\@footindent=\skip44
\@leftskip=\skip45
\c@dummy=\count85
(/usr/share/texmf/tex/latex/natbib/natbib.sty
Package: natbib 2007/02/05 8.0 (PWD)
\bibhang=\skip46
\bibsep=\skip47
LaTeX Info: Redefining \cite on input line 602.
\c@NAT@ctr=\count86
)
\c@table=\count87
\c@figure=\count88
\mathindent=\dimen103
) (./mn2esample.aux)
\openout1 = `mn2esample.aux'.

LaTeX Font Info:    Checking defaults for OML/cmm/m/it on input line 51.
LaTeX Font Info:    ... okay on input line 51.
LaTeX Font Info:    Checking defaults for T1/cmr/m/n on input line 51.
LaTeX Font Info:    ... okay on input line 51.
LaTeX Font Info:    Checking defaults for OT1/cmr/m/n on input line 51.
LaTeX Font Info:    ... okay on input line 51.
LaTeX Font Info:    Checking defaults for OMS/cmsy/m/n on input line 51.
LaTeX Font Info:    ... okay on input line 51.
LaTeX Font Info:    Checking defaults for OMX/cmex/m/n on input line 51.
LaTeX Font Info:    ... okay on input line 51.
LaTeX Font Info:    Checking defaults for U/cmr/m/n on input line 51.
LaTeX Font Info:    ... okay on input line 51.
LaTeX Font Info:    External font `cmex10' loaded for size
(Font)              <14.4> on input line 57.
LaTeX Font Info:    External font `cmex10' loaded for size
(Font)              <7> on input line 57.
LaTeX Font Info:    Try loading font information for U+eur on input line 57.

(/usr/share/texmf/tex/latex/amsfonts/ueur.fd
File: ueur.fd 2002/01/19 v2.2g AMS font definitions
)
LaTeX Font Info:    Try loading font information for U+msa on input line 57.

(/usr/share/texmf/tex/latex/amsfonts/umsa.fd
File: umsa.fd 2002/01/19 v2.2g AMS font definitions
)
LaTeX Font Info:    External font `cmex10' loaded for size
(Font)              <8> on input line 57.
LaTeX Font Info:    External font `cmex10' loaded for size
(Font)              <6> on input line 57.
LaTeX Font Info:    External font `cmex10' loaded for size
(Font)              <5> on input line 57.

Underfull \hbox (badness 10000) in paragraph at lines 78--78
$[]$ []\OT1/cmr/m/n/8 E-mail: email@address (AVR); oth-ere-mail@otheraddress
 []

LaTeX Font Info:    External font `cmex10' loaded for size
(Font)              <9> on input line 96.
LaTeX Font Info:    Try loading font information for OMS+cmr on input line 191.

(/usr/share/texmf/tex/latex/base/omscmr.fd
File: omscmr.fd 1999/05/25 v2.5h Standard LaTeX font definitions
)
LaTeX Font Info:    Font shape `OMS/cmr/m/n' in size <8> not available
(Font)              Font shape `OMS/cmsy/m/n' tried instead on input line 191.
 [1{/usr/share/texmf/fonts/map/pdftex/updmap/pdftex.map}


]
Underfull \vbox (badness 1231) has occurred while \output is active []

 [2]
[3] [4]
Underfull \vbox (badness 10000) has occurred while \output is active []

 [5]
[6] [7] (./mn2esample.aux) ) 
Here is how much of TeX's memory you used:
 834 strings out of 256216
 8739 string characters out of 1917071
 70594 words of memory out of 1500000
 4152 multiletter control sequences out of 10000+200000
 17561 words of font info for 61 fonts, out of 1200000 for 2000
 645 hyphenation exceptions out of 8191
 31i,17n,34p,677b,385s stack positions out of 5000i,500n,6000p,200000b,15000s
</usr/share/texmf/fonts/type1/bluesky/cm/cmbx10.pfb
></usr/share/texmf/fonts/type1/bluesky/cm/cmbx12.pfb></usr/share/texmf/fonts/ty
pe1/bluesky/cm/cmbx8.pfb></usr/share/texmf/fonts/type1/bluesky/cm/cmbx9.pfb></u
sr/share/texmf/fonts/type1/bluesky/cm/cmcsc10.pfb></usr/share/texmf/fonts/type1
/bluesky/cm/cmex10.pfb></usr/share/texmf/fonts/type1/bluesky/cm/cmmi10.pfb></us
r/share/texmf/fonts/type1/bluesky/cm/cmmi6.pfb></usr/share/texmf/fonts/type1/bl
uesky/cm/cmmi8.pfb></usr/share/texmf/fonts/type1/bluesky/cm/cmmi9.pfb></usr/sha
re/texmf/fonts/type1/bluesky/cm/cmmib10.pfb></usr/share/texmf/fonts/type1/blues
ky/cm/cmr10.pfb></usr/share/texmf/fonts/type1/bluesky/cm/cmr12.pfb></usr/share/
texmf/fonts/type1/bluesky/cm/cmr5.pfb></usr/share/texmf/fonts/type1/bluesky/cm/
cmr6.pfb></usr/share/texmf/fonts/type1/bluesky/cm/cmr8.pfb></usr/share/texmf/fo
nts/type1/bluesky/cm/cmr9.pfb></usr/share/texmf/fonts/type1/bluesky/cm/cmsy10.p
fb></usr/share/texmf/fonts/type1/bluesky/cm/cmsy6.pfb></usr/share/texmf/fonts/t
ype1/bluesky/cm/cmsy8.pfb></usr/share/texmf/fonts/type1/bluesky/cm/cmsy9.pfb></
usr/share/texmf/fonts/type1/bluesky/cm/cmti10.pfb></usr/share/texmf/fonts/type1
/bluesky/cm/cmti12.pfb></usr/share/texmf/fonts/type1/bluesky/cm/cmti8.pfb></usr
/share/texmf/fonts/type1/bluesky/cm/cmti9.pfb></usr/share/texmf/fonts/type1/blu
esky/cm/cmtt8.pfb></usr/share/texmf/fonts/type1/bluesky/ams/eurm10.pfb></usr/sh
are/texmf/fonts/type1/bluesky/ams/eurm7.pfb>
Output written on mn2esample.pdf (7 pages, 192367 bytes).
PDF statistics:
 138 PDF objects out of 1000 (max. 8388607)
 0 named destinations out of 1000 (max. 131072)
 1 words of extra memory for PDF output out of 10000 (max. 10000000)

