This is pdfTeXk, Version 3.141592-1.40.3 (Web2C 7.5.6) (format=pdflatex 2011.10.18)  21 SEP 2012 17:22
entering extended mode
 %&-line parsing enabled.
**paper.tex
(./paper.tex
LaTeX2e <2005/12/01>
Babel <v3.8h> and hyphenation patterns for english, usenglishmax, dumylang, noh
yphenation, arabic, basque, bulgarian, coptic, welsh, czech, slovak, german, ng
erman, danish, esperanto, spanish, catalan, galician, estonian, farsi, finnish,
 french, greek, monogreek, ancientgreek, croatian, hungarian, interlingua, ibyc
us, indonesian, icelandic, italian, latin, mongolian, dutch, norsk, polish, por
tuguese, pinyin, romanian, russian, slovenian, uppersorbian, serbian, swedish, 
turkish, ukenglish, ukrainian, loaded.
(./mn2e.cls
Document Class: mn2e 2001/02/06 v2.2 LaTeX2e MN document class
Document Style `MN' v2.2, released 2001 February 20
\math@groups=\toks14
LaTeX Font Info:    Overwriting symbol font `symbols' in version `bold'
(Font)                  OMS/cmsy/b/n --> OMS/cmsy/b/n on input line 223.
\symbmisymbols=\mathgroup4
\symUPM=\mathgroup5
LaTeX Font Info:    Overwriting symbol font `UPM' in version `bold'
(Font)                  U/eur/m/n --> U/eur/b/n on input line 260.
\symAMSa=\mathgroup6
\SFB@measure=\dimen102
\realparindent=\skip41
\c@part=\count79
\c@section=\count80
\c@subsection=\count81
\c@subsubsection=\count82
\c@paragraph=\count83
\c@subparagraph=\count84
\@indentskip=\skip42
\smallindent=\skip43
\@footindent=\skip44
\@leftskip=\skip45
\c@dummy=\count85
(/usr/share/texmf/tex/latex/natbib/natbib.sty
Package: natbib 2007/02/05 8.0 (PWD)
\bibhang=\skip46
\bibsep=\skip47
LaTeX Info: Redefining \cite on input line 602.
\c@NAT@ctr=\count86
)
\c@table=\count87
\c@figure=\count88
\mathindent=\dimen103
)
(/usr/share/texmf/tex/latex/graphics/graphicx.sty
Package: graphicx 1999/02/16 v1.0f Enhanced LaTeX Graphics (DPC,SPQR)

(/usr/share/texmf/tex/latex/graphics/keyval.sty
Package: keyval 1999/03/16 v1.13 key=value parser (DPC)
\KV@toks@=\toks15
)
(/usr/share/texmf/tex/latex/graphics/graphics.sty
Package: graphics 2006/02/20 v1.0o Standard LaTeX Graphics (DPC,SPQR)

(/usr/share/texmf/tex/latex/graphics/trig.sty
Package: trig 1999/03/16 v1.09 sin cos tan (DPC)
)
(/usr/share/texmf/tex/latex/config/graphics.cfg
File: graphics.cfg 2007/01/18 v1.5 graphics configuration of teTeX/TeXLive
)
Package graphics Info: Driver file: pdftex.def on input line 90.

(/usr/share/texmf/tex/latex/pdftex-def/pdftex.def
File: pdftex.def 2007/01/08 v0.04d Graphics/color for pdfTeX
\Gread@gobject=\count89
))
\Gin@req@height=\dimen104
\Gin@req@width=\dimen105
) (./paper.aux)
\openout1 = `paper.aux'.

LaTeX Font Info:    Checking defaults for OML/cmm/m/it on input line 48.
LaTeX Font Info:    ... okay on input line 48.
LaTeX Font Info:    Checking defaults for T1/cmr/m/n on input line 48.
LaTeX Font Info:    ... okay on input line 48.
LaTeX Font Info:    Checking defaults for OT1/cmr/m/n on input line 48.
LaTeX Font Info:    ... okay on input line 48.
LaTeX Font Info:    Checking defaults for OMS/cmsy/m/n on input line 48.
LaTeX Font Info:    ... okay on input line 48.
LaTeX Font Info:    Checking defaults for OMX/cmex/m/n on input line 48.
LaTeX Font Info:    ... okay on input line 48.
LaTeX Font Info:    Checking defaults for U/cmr/m/n on input line 48.
LaTeX Font Info:    ... okay on input line 48.
LaTeX Font Info:    External font `cmex10' loaded for size
(Font)              <14.4> on input line 54.
LaTeX Font Info:    External font `cmex10' loaded for size
(Font)              <7> on input line 54.
LaTeX Font Info:    Try loading font information for U+eur on input line 54.

(/usr/share/texmf/tex/latex/amsfonts/ueur.fd
File: ueur.fd 2002/01/19 v2.2g AMS font definitions
)
LaTeX Font Info:    Try loading font information for U+msa on input line 54.

(/usr/share/texmf/tex/latex/amsfonts/umsa.fd
File: umsa.fd 2002/01/19 v2.2g AMS font definitions
)
LaTeX Font Info:    External font `cmex10' loaded for size
(Font)              <8> on input line 54.
LaTeX Font Info:    External font `cmex10' loaded for size
(Font)              <6> on input line 54.
LaTeX Font Info:    External font `cmex10' loaded for size
(Font)              <5> on input line 54.
LaTeX Font Info:    External font `cmex10' loaded for size
(Font)              <9> on input line 70.

<Figures/model/L1544model_used.png, id=1, 472.6458pt x 364.9635pt>
File: Figures/model/L1544model_used.png Graphic file (type png)

<use Figures/model/L1544model_used.png>
<Figures/model/rhoT.png, id=2, 1236.62pt x 323.2075pt>
File: Figures/model/rhoT.png Graphic file (type png)

<use Figures/model/rhoT.png>
<Figures/model/velocity_rzSlice_thetaColourScale2.png, id=3, 1012.78375pt x 608
.2725pt>
File: Figures/model/velocity_rzSlice_thetaColourScale2.png Graphic file (type p
ng)
 <use Figures/model/velocity_rzSlice_thetaColourScale2.png>
Underfull \hbox (badness 10000) in paragraph at lines 97--99

 []


Underfull \hbox (badness 10000) in paragraph at lines 100--102

 []


Underfull \hbox (badness 10000) in paragraph at lines 103--111

 []

LaTeX Font Info:    Try loading font information for OMS+cmr on input line 111.

(/usr/share/texmf/tex/latex/base/omscmr.fd
File: omscmr.fd 1999/05/25 v2.5h Standard LaTeX font definitions
)
LaTeX Font Info:    Font shape `OMS/cmr/m/n' in size <8> not available
(Font)              Font shape `OMS/cmsy/m/n' tried instead on input line 111.
 [1{/usr/share/texmf/fonts/map/pdftex/updmap/pdftex.map}


 <./Figures/model/L1544model_used.png>]
Underfull \hbox (badness 10000) in paragraph at lines 113--115

 []


Underfull \vbox (badness 10000) has occurred while \output is active []


<Figures/model/Lime_grid3.png, id=25, 501.875pt x 305.14pt>
File: Figures/model/Lime_grid3.png Graphic file (type png)

<use Figures/model/Lime_grid3.png>
<Figures/model/lime_points_rz2.png, id=26, 532.6299pt x 409.7709pt>
File: Figures/model/lime_points_rz2.png Graphic file (type png)

<use Figures/model/lime_points_rz2.png>
Underfull \vbox (badness 10000) has occurred while \output is active []

 [2 <./Figures/model/rhoT.png> <./Figures/model/velocity_rzSlice_thetaColourSca
le2.png>]
<Figures/sim/imageCO_3-2_30deg_contSub.png, id=33, 578.16pt x 433.62pt>
File: Figures/sim/imageCO_3-2_30deg_contSub.png Graphic file (type png)

<use Figures/sim/imageCO_3-2_30deg_contSub.png>
Underfull \hbox (badness 10000) in paragraph at lines 134--140
\OT1/cmr/m/n/9 Figures show-ing the RT re-sults in a few
 []

<Figures/sim/imageCO_3-2_30deg_mom1.png, id=34, 578.16pt x 433.62pt>
File: Figures/sim/imageCO_3-2_30deg_mom1.png Graphic file (type png)

<use Figures/sim/imageCO_3-2_30deg_mom1.png>
<Figures/sim/imageCO_3-2_30deg_PV_centre.png, id=35, 578.16pt x 433.62pt>
File: Figures/sim/imageCO_3-2_30deg_PV_centre.png Graphic file (type png)

<use Figures/sim/imageCO_3-2_30deg_PV_centre.png>
<Figures/sim/imageOCS_28-27_30deg_contSub.png, id=36, 578.16pt x 433.62pt>
File: Figures/sim/imageOCS_28-27_30deg_contSub.png Graphic file (type png)

<use Figures/sim/imageOCS_28-27_30deg_contSub.png>
<Figures/sim/imageOCS_28-27_30deg_mom1.png, id=37, 578.16pt x 433.62pt>
File: Figures/sim/imageOCS_28-27_30deg_mom1.png Graphic file (type png)

<use Figures/sim/imageOCS_28-27_30deg_mom1.png>
<Figures/sim/imageOCS_28-27_30deg_PV_centre.png, id=38, 578.16pt x 433.62pt>
File: Figures/sim/imageOCS_28-27_30deg_PV_centre.png Graphic file (type png)

<use Figures/sim/imageOCS_28-27_30deg_PV_centre.png>
<Figures/sim/imageH2CO_4-0-4->3-0-3_30deg_contSub.png, id=39, 578.16pt x 433.62
pt>
File: Figures/sim/imageH2CO_4-0-4->3-0-3_30deg_contSub.png Graphic file (type p
ng)
 <use Figures/sim/imageH2CO_4-0-4->3-0-3_30deg_contSub.png>
<Figures/sim/imageH2CO_4-0-4->3-0-3_30deg_mom1.png, id=40, 578.16pt x 433.62pt>
File: Figures/sim/imageH2CO_4-0-4->3-0-3_30deg_mom1.png Graphic file (type png)

<use Figures/sim/imageH2CO_4-0-4->3-0-3_30deg_mom1.png>
<Figures/sim/imageH2CO_4-0-4->3-0-3_30deg_PV_centre.png, id=41, 578.16pt x 433.
62pt>
File: Figures/sim/imageH2CO_4-0-4->3-0-3_30deg_PV_centre.png Graphic file (type
 png)
 <use Figures/sim/imageH2CO_4-0-4->3-0-3_30deg_PV_centre.png> [3 <./Figures/mod
el/Lime_grid3.png> <./Figures/model/lime_points_rz2.png> <./Figures/sim/imageCO
_3-2_30deg_contSub.png> <./Figures/sim/imageCO_3-2_30deg_mom1.png>]
Underfull \vbox (badness 10000) has occurred while \output is active []


Underfull \vbox (badness 10000) has occurred while \output is active []

 [4 <./Figures/sim/imageCO_3-2_30deg_PV_centre.png> <./Figures/sim/imageOCS_28-
27_30deg_contSub.png> <./Figures/sim/imageOCS_28-27_30deg_mom1.png> <./Figures/
sim/imageOCS_28-27_30deg_PV_centre.png> <./Figures/sim/imageH2CO_4-0-4->3-0-3_3
0deg_contSub.png> <./Figures/sim/imageH2CO_4-0-4->3-0-3_30deg_mom1.png>] [5

 <./Figures/sim/imageH2CO_4-0-4->3-0-3_30deg_PV_centre.png>] (./paper.aux) ) 
Here is how much of TeX's memory you used:
 1219 strings out of 256216
 15810 string characters out of 1917071
 69024 words of memory out of 1500000
 4503 multiletter control sequences out of 10000+200000
 16401 words of font info for 57 fonts, out of 1200000 for 2000
 645 hyphenation exceptions out of 8191
 31i,14n,34p,1599b,288s stack positions out of 5000i,500n,6000p,200000b,15000s
</u
sr/share/texmf/fonts/type1/bluesky/cm/cmbx10.pfb></usr/share/texmf/fonts/type1/
bluesky/cm/cmbx12.pfb></usr/share/texmf/fonts/type1/bluesky/cm/cmbx8.pfb></usr/
share/texmf/fonts/type1/bluesky/cm/cmbx9.pfb></usr/share/texmf/fonts/type1/blue
sky/cm/cmex10.pfb></usr/share/texmf/fonts/type1/bluesky/cm/cmmi10.pfb></usr/sha
re/texmf/fonts/type1/bluesky/cm/cmmi6.pfb></usr/share/texmf/fonts/type1/bluesky
/cm/cmmi9.pfb></usr/share/texmf/fonts/type1/bluesky/cm/cmr10.pfb></usr/share/te
xmf/fonts/type1/bluesky/cm/cmr12.pfb></usr/share/texmf/fonts/type1/bluesky/cm/c
mr5.pfb></usr/share/texmf/fonts/type1/bluesky/cm/cmr6.pfb></usr/share/texmf/fon
ts/type1/bluesky/cm/cmr8.pfb></usr/share/texmf/fonts/type1/bluesky/cm/cmr9.pfb>
</usr/share/texmf/fonts/type1/bluesky/cm/cmsy6.pfb></usr/share/texmf/fonts/type
1/bluesky/cm/cmsy8.pfb></usr/share/texmf/fonts/type1/bluesky/cm/cmsy9.pfb></usr
/share/texmf/fonts/type1/bluesky/cm/cmti12.pfb></usr/share/texmf/fonts/type1/bl
uesky/cm/cmti8.pfb>
Output written on paper.pdf (5 pages, 1694817 bytes).
PDF statistics:
 122 PDF objects out of 1000 (max. 8388607)
 0 named destinations out of 1000 (max. 131072)
 71 words of extra memory for PDF output out of 10000 (max. 10000000)

